[2018-06-21 10:58:15.813004] [提示 notice] 连接成功 pfsockopen 182.106.129.235:8021  
[2018-06-21 10:58:15.843827] [提示 notice] ESL Command "auth ClueCon"
[2018-06-21 10:58:15.857917] [提示 notice] ESL Command "api status"
[2018-06-21 10:58:15.864710] [提示 notice] ESL Command "api global_getvar"
[2018-06-21 10:58:15.867974] [提示 notice] ESL Command "api sofia status"
[2018-06-21 10:58:15.870712] [提示 notice] ESL Command "exit"
[2018-06-21 10:58:25.590781] [提示 notice] 连接成功 pfsockopen 182.106.129.235:8021  
[2018-06-21 10:58:25.594698] [提示 notice] ESL Command "auth ClueCon"
[2018-06-21 10:58:25.598608] [提示 notice] ESL Command "api status"
[2018-06-21 10:58:25.602900] [提示 notice] ESL Command "api global_getvar"
[2018-06-21 10:58:25.613204] [提示 notice] ESL Command "api sofia status"
[2018-06-21 10:58:25.616206] [提示 notice] ESL Command "exit"
[2018-06-21 10:59:29.479928] [提示 notice] 连接成功 pfsockopen 182.106.129.235:8021  
[2018-06-21 10:59:29.480108] [提示 notice] ESL Command "auth ClueCon"
[2018-06-21 10:59:29.483479] [提示 notice] ESL Command "api status"
[2018-06-21 10:59:29.486342] [提示 notice] ESL Command "api global_getvar"
[2018-06-21 10:59:29.489645] [提示 notice] ESL Command "api sofia status"
[2018-06-21 10:59:29.492450] [提示 notice] ESL Command "exit"
[2018-06-21 11:01:16.264034] [提示 notice] 连接成功 pfsockopen 182.106.129.235:8021  
[2018-06-21 11:01:16.267828] [提示 notice] ESL Command "auth ClueCon"
[2018-06-21 11:01:16.270267] [提示 notice] ESL Command "api status"
[2018-06-21 11:01:16.273260] [提示 notice] ESL Command "api global_getvar"
[2018-06-21 11:01:16.276541] [提示 notice] ESL Command "api sofia status"
[2018-06-21 11:01:16.279493] [提示 notice] ESL Command "exit"
[2018-06-21 11:01:37.561217] [提示 notice] 连接成功 pfsockopen 182.106.129.235:8021  
[2018-06-21 11:01:37.561378] [提示 notice] ESL Command "auth ClueCon"
[2018-06-21 11:01:37.564237] [提示 notice] ESL Command "api status"
[2018-06-21 11:01:37.566660] [提示 notice] ESL Command "api global_getvar"
[2018-06-21 11:01:37.569884] [提示 notice] ESL Command "api sofia status"
[2018-06-21 11:01:37.572745] [提示 notice] ESL Command "exit"
[2018-06-21 11:42:27.002979] [提示 notice] 连接成功 pfsockopen 182.106.129.235:8021  
[2018-06-21 11:42:27.005858] [提示 notice] ESL Command "auth ClueCon"
[2018-06-21 11:42:27.008774] [提示 notice] ESL Command "api status"
[2018-06-21 11:42:27.011701] [提示 notice] ESL Command "api global_getvar"
[2018-06-21 11:42:27.014374] [提示 notice] ESL Command "api sofia status"
[2018-06-21 11:42:27.016844] [提示 notice] ESL Command "exit"
[2018-06-21 11:42:31.351779] [提示 notice] 连接成功 pfsockopen 182.106.129.235:8021  
[2018-06-21 11:42:31.355572] [提示 notice] ESL Command "auth ClueCon"
[2018-06-21 11:42:31.357979] [提示 notice] ESL Command "api status"
[2018-06-21 11:42:31.360917] [提示 notice] ESL Command "api global_getvar"
[2018-06-21 11:42:31.364615] [提示 notice] ESL Command "api sofia status"
[2018-06-21 11:42:31.367196] [提示 notice] ESL Command "exit"
[2018-06-21 11:42:43.569619] [提示 notice] 连接成功 pfsockopen 182.106.129.235:8021  
[2018-06-21 11:42:43.570008] [提示 notice] ESL Command "auth ClueCon"
[2018-06-21 11:42:43.572803] [提示 notice] ESL Command "api status"
[2018-06-21 11:42:43.575537] [提示 notice] ESL Command "api global_getvar"
[2018-06-21 11:42:43.578991] [提示 notice] ESL Command "api sofia status"
[2018-06-21 11:42:43.581856] [提示 notice] ESL Command "exit"
[2018-06-21 13:32:48.112606] [提示 notice] 连接成功 pfsockopen 182.106.129.235:8021  
[2018-06-21 13:32:48.125667] [提示 notice] ESL Command "auth ClueCon"
[2018-06-21 13:32:48.128046] [提示 notice] ESL Command "api status"
[2018-06-21 13:32:48.130738] [提示 notice] ESL Command "api global_getvar"
[2018-06-21 13:32:48.133471] [提示 notice] ESL Command "api sofia status"
[2018-06-21 13:32:48.136209] [提示 notice] ESL Command "exit"
